jose@jose-Vostro-3500:~/workspace-pruebas/docker-ubuntu-hadoop$ sudo docker build -rm -t hadoop-1-node .
Warning: '-rm' is deprecated, it will be replaced by '--rm' soon. See usage.
Sending build context to Docker daemon 133.2 MB
Sending build context to Docker daemon 
Step 0 : FROM ubuntu:14.04
 ---> ba5877dc9bec
Step 1 : RUN apt-get update && apt-get upgrade -y
 ---> Running in c0586fcc566c
Ign http://archive.ubuntu.com trusty InRelease
Ign http://archive.ubuntu.com trusty-updates InRelease
Ign http://archive.ubuntu.com trusty-security InRelease
Ign http://archive.ubuntu.com trusty-proposed InRelease
Get:1 http://archive.ubuntu.com trusty Release.gpg [933 B]
Get:2 http://archive.ubuntu.com trusty-updates Release.gpg [933 B]
Get:3 http://archive.ubuntu.com trusty-security Release.gpg [933 B]
Get:4 http://archive.ubuntu.com trusty-proposed Release.gpg [933 B]
Get:5 http://archive.ubuntu.com trusty Release [58.5 kB]
Get:6 http://archive.ubuntu.com trusty-updates Release [59.7 kB]
Get:7 http://archive.ubuntu.com trusty-security Release [59.7 kB]
Get:8 http://archive.ubuntu.com trusty-proposed Release [110 kB]
Get:9 http://archive.ubuntu.com trusty/main Sources [1335 kB]
Get:10 http://archive.ubuntu.com trusty/restricted Sources [5335 B]
Get:11 http://archive.ubuntu.com trusty/universe Sources [7926 kB]
.
.
.
Setting up sound-theme-freedesktop (0.8-1) ...
Setting up libcanberra0:amd64 (0.30-0ubuntu3) ...
Setting up libcolord1:amd64 (1.0.6-1) ...
Setting up libdconf1:amd64 (0.20.0-1) ...
Setting up libpciaccess0:amd64 (0.13.2-1) ...
Setting up libdrm-intel1:amd64 (2.4.52-1) ...
Setting up libdrm-nouveau2:amd64 (2.4.52-1) ...
Setting up libdrm-radeon1:amd64 (2.4.52-1) ...
Setting up libexif12:amd64 (0.6.21-1ubuntu1) ...
Setting up libfontenc1:amd64 (1:1.1.2-1) ...
Setting up gconf2-common (3.2.6-0ubuntu2) ...
debconf: unable to initialize frontend: Dialog
debconf: (TERM is not set, so the dialog frontend is not usable.)
debconf: falling back to frontend: Readline
debconf: unable to initialize frontend: Readline
debconf: (This frontend requires a controlling tty.)
debconf: falling back to frontend: Teletype

Creating config file /etc/gconf/2/path with new version
Setting up libgconf-2-4:amd64 (3.2.6-0ubuntu2) ...
Setting up libvpx1:amd64 (1.3.0-2) ...
Setting up libxpm4:amd64 (1:3.5.10-1) ...
Setting up libgd3:amd64 (2.1.0-3) ...
Setting up libllvm3.4:amd64 (1:3.4-1ubuntu3) ...
Setting up libgl1-mesa-dri:amd64 (10.1.3-0ubuntu0.1) ...
Setting up psmisc (22.20-1ubuntu2) ...
Setting up libpython2.7-minimal:amd64 (2.7.6-8) ...
Setting up python2.7-minimal (2.7.6-8) ...
Linking and byte-compiling packages for runtime python2.7...
Setting up libpython2.7-stdlib:amd64 (2.7.6-8) ...
Setting up python2.7 (2.7.6-8) ...
Setting up python-minimal (2.7.5-5ubuntu3) ...
Setting up libpython-stdlib:amd64 (2.7.5-5ubuntu3) ...
Setting up python (2.7.5-5ubuntu3) ...
Setting up libgphoto2-port10:amd64 (2.5.3.1-1ubuntu2.2) ...
Setting up libgphoto2-6:amd64 (2.5.3.1-1ubuntu2.2) ...
Setting up dconf-service (0.20.0-1) ...
Setting up dconf-gsettings-backend:amd64 (0.20.0-1) ...
Setting up libgtk-3-common (3.10.8-0ubuntu1.2) ...
Setting up libwayland-client0:amd64 (1.4.0-1ubuntu1) ...
Setting up libwayland-cursor0:amd64 (1.4.0-1ubuntu1) ...
Setting up libxkbcommon0:amd64 (0.4.1-0ubuntu1) ...
Setting up libgtk-3-0:amd64 (3.10.8-0ubuntu1.2) ...
Setting up libgudev-1.0-0:amd64 (1:204-5ubuntu20.4) ...
Setting up libicu52:amd64 (52.1-3) ...
Setting up libieee1284-3:amd64 (0.2.11-12) ...
Setting up libpolkit-agent-1-0:amd64 (0.105-4ubuntu2) ...
Setting up libpolkit-backend-1-0:amd64 (0.105-4ubuntu2) ...
Setting up acl (2.2.52-1) ...
Setting up libsane-common (1.0.23-3ubuntu3.1) ...
Setting up libv4lconvert0:amd64 (1.0.1-1) ...
Setting up libv4l-0:amd64 (1.0.1-1) ...
Setting up libsane:amd64 (1.0.23-3ubuntu3.1) ...
Adding scanner group...
Setting up libsecret-common (0.16-0ubuntu1) ...
Setting up libsecret-1-0:amd64 (0.16-0ubuntu1) ...
Setting up libudisks2-0:amd64 (2.1.3-1) ...
Setting up libxcb-shape0:amd64 (1.10-2ubuntu1) ...
Setting up libxft2:amd64 (2.3.1-2) ...
Setting up libxv1:amd64 (2:1.0.10-1) ...
Setting up libxxf86dga1:amd64 (2:1.1.4-1) ...
Setting up libgusb2:amd64 (0.1.6-5) ...
Setting up libcolorhug1:amd64 (1.0.6-1) ...
Setting up libtxc-dxtn-s2tc0:amd64 (0~git20131104-1.1) ...
update-alternatives: using /usr/lib/x86_64-linux-gnu/libtxc_dxtn_s2tc.so.0 to provide /usr/lib/x86_64-linux-gnu/libtxc_dxtn.so (libtxc-dxtn-x86_64-linux-gnu) in auto mode
Setting up libyaml-snake-java (1.12-2) ...
Setting up dosfstools (3.0.26-1) ...
Setting up groff-base (1.22.2-5) ...
Setting up libxtables10 (1.4.21-1ubuntu1) ...
Setting up iptables (1.4.21-1ubuntu1) ...
Setting up krb5-locales (1.12+dfsg-2ubuntu4.2) ...
Setting up libglib2.0-data (2.40.0-2) ...
Setting up libsasl2-modules:amd64 (2.1.25.dfsg1-17build1) ...
Setting up nano (2.2.6-1ubuntu1) ...
update-alternatives: using /bin/nano to provide /usr/bin/editor (editor) in auto mode
update-alternatives: using /bin/nano to provide /usr/bin/pico (pico) in auto mode
Setting up parted (2.3-19ubuntu1) ...
Setting up xml-core (0.13+nmu2) ...
Setting up libxml-commons-resolver1.1-java (1.2-7build1) ...
Setting up libxml-commons-external-java (1.4.01-2build1) ...
Setting up libxerces2-java (2.11.0-7) ...
Setting up libaspectj-java (1.6.12+dfsg-3) ...
Setting up libjline-java (1.0-2) ...
Setting up libbsh-java (2.0b4-15) ...
Setting up desktop-file-utils (0.22-1ubuntu1) ...
Setting up fonts-dejavu-extra (2.34-1ubuntu1) ...
Setting up libjaxp1.3-java (1.3.05-2ubuntu3) ...
Setting up libxalan2-java (2.7.1-9) ...
Setting up libapache-pom-java (10-2build1) ...
Setting up libbsf-java (1:2.4.0-5build1) ...
Setting up libavalon-framework-java (4.2.0-9) ...
Setting up libcommons-io-java (2.4-2) ...
Setting up libcommons-parent-java (22-2build1) ...
Setting up libcommons-logging-java (1.1.3-1) ...
Setting up unzip (6.0-9ubuntu1) ...
Setting up java-wrappers (0.1.27) ...
Setting up libxmlgraphics-commons-java (1.5-4ubuntu1) ...
Setting up gvfs-common (1.20.1-1ubuntu1) ...
Setting up gvfs-libs:amd64 (1.20.1-1ubuntu1) ...
Setting up hicolor-icon-theme (0.13-1) ...
Setting up junit (3.8.2-8build1) ...
Setting up libhamcrest-java (1.3-4) ...
Setting up libnetty-java (1:3.2.6.Final-2) ...
Setting up libslf4j-java (1.7.5-2) ...
Setting up libasync-http-client-java (1.6.5-2) ...
Setting up libplexus-classworlds2-java (2.5.1-2) ...
Setting up libasm3-java (3.3.2-2) ...
Setting up libcommons-lang-java (2.6-3ubuntu2) ...
Setting up libcommons-cli-java (1.2-3ubuntu1) ...
Setting up libatinject-jsr330-api-java (1.0+ds1-1) ...
Setting up libjsr305-java (0.1~+svn49-4) ...
Setting up libguava-java (15.0-2ubuntu1) ...
Setting up libjaxen-java (1.1.6-1ubuntu1) ...
Setting up libjdom1-java (1.1.3-1) ...
Setting up libclassworlds-java (1.1-final-5) ...
Setting up libservlet3.0-java (7.0.52-1ubuntu0.1) ...
Setting up libcommons-configuration-java (1.10-1) ...
Setting up libcommons-codec-java (1.9-1) ...
Setting up libhttpcore-java (4.3.2-2) ...
Setting up libhttpclient-java (4.3.3-1) ...
Setting up libitext1-java (1.4-5) ...
Setting up liblog4j1.2-java (1.2.17-4ubuntu3) ...
Setting up libplexus-interpolation-java (1.19-1) ...
Setting up libplexus-utils-java (1:1.5.15-4) ...
Setting up libplexus-container-default-java (1.0-alpha-9-stable-1-7) ...
Setting up libplexus-classworlds-java (1.5.0-5) ...
Setting up libxbean-java (3.7-5) ...
Setting up libplexus-containers-java (1.0~beta3.0.7-7) ...
Setting up libplexus-i18n-java (1.0-beta-10-3) ...
Setting up libplexus-build-api-java (0.0.4-5) ...
Setting up libmodello-java (1.1-3) ...
Setting up libplexus-ant-factory-java (1.0~alpha2.1-3) ...
Setting up libplexus-io-java (1.0~alpha5-2) ...
Setting up libplexus-archiver-java (1.2-1) ...
Setting up libplexus-interactivity-api-java (1.0-alpha-6-7) ...
Setting up libplexus-cipher-java (1.5-4) ...
Setting up libplexus-sec-dispatcher-java (1.3.1-6) ...
Setting up libcommons-httpclient-java (3.1-10.2) ...
Setting up libcommons-net2-java (2.2-2) ...
Setting up libeasymock-java (2.5.2+ds-1) ...
Setting up libservlet2.5-java (6.0.39-1) ...
Setting up libjetty-java (6.1.26-1ubuntu1) ...
Setting up libjsch-java (0.1.50-1ubuntu1) ...
Setting up libjsoup-java (1.7.3-1) ...
Setting up libganymed-ssh2-java (250-2) ...
Setting up libnetbeans-cvsclient-java (6.5-2) ...
Setting up libregexp-java (1.5-3build1) ...
Setting up libplexus-cli-java (1.2-5) ...
Setting up libplexus-utils2-java (2.0.5-1) ...
Setting up libqdox-java (1.12-1build1) ...
Setting up libaopalliance-java (20070526-5) ...
Setting up libsisu-guice-java (3.1.1+dfsg-1) ...
Setting up libcglib-java (2.2.2+dfsg-5) ...
Setting up libcommons-collections3-java (3.2.1-6) ...
Setting up libcommons-beanutils-java (1.9.1-1) ...
Setting up libcommons-digester-java (1.8.1-4) ...
Setting up libcommons-jexl2-java (2.1.1-2) ...
Setting up libcommons-jxpath-java (1.3-6) ...
Setting up libcommons-vfs-java (2.0-3ubuntu1) ...
Setting up libxpp2-java (2.1.10-7build1) ...
Setting up libxpp3-java (1.1.4c-2build1) ...
Setting up libdom4j-java (1.6.1+dfsg.3-2ubuntu1) ...
Setting up libosgi-core-java (4.3.0-4) ...
Setting up libosgi-foundation-ee-java (4.2.0-1) ...
Setting up libgphoto2-l10n (2.5.3.1-1ubuntu2.2) ...
Setting up libgtk-3-bin (3.10.8-0ubuntu1.2) ...
Setting up libgtk2.0-bin (2.24.23-0ubuntu1.1) ...
Setting up libguice-java (3.0-3) ...
Setting up xorg-sgml-doctools (1:1.11-1) ...
Setting up x11proto-core-dev (7.0.24-1) ...
Setting up libjackrabbit-java (2.3.6-1) ...
Setting up libjcommander-java (1.32-1) ...
Setting up libmaven-parent-java (21-2) ...
Setting up libpthread-stubs0-dev:amd64 (0.3-4) ...
Setting up librhino-java (1.7R4-2) ...
Setting up libsaxon-java (1:6.5.5-10) ...
Setting up libxau-dev:amd64 (1:1.0.8-1) ...
Setting up libxdmcp-dev:amd64 (1:1.1.1-1) ...
Setting up x11proto-input-dev (2.3-1) ...
Setting up x11proto-kb-dev (1.0.6-2) ...
Setting up xtrans-dev (1.3.2-1) ...
Setting up libxcb1-dev:amd64 (1.10-2ubuntu1) ...
Setting up libx11-dev:amd64 (2:1.6.2-1ubuntu2) ...
Setting up libx11-doc (2:1.6.2-1ubuntu2) ...
Setting up libxom-java (1.2.10-1) ...
Setting up tcpd (7.6.q-25) ...
Setting up gdisk (0.8.8-1build1) ...
Processing triggers for ureadahead (0.100.0-16) ...
Setting up libxtst6:amd64 (2:1.2.2-1) ...
Setting up dbus-x11 (1.6.18-0ubuntu4.1) ...
Setting up libice6:amd64 (2:1.0.8-2) ...
Setting up libsm6:amd64 (2:1.2.1-2) ...
Setting up libxt6:amd64 (1:1.1.4-1) ...
Setting up libxmu6:amd64 (2:1.1.1-1) ...
Setting up libxaw7:amd64 (2:1.0.12-1) ...
Setting up at-spi2-core (2.10.2.is.2.10.1-0ubuntu1) ...
Setting up x11-utils (7.7+1) ...
Setting up udisks2 (2.1.3-1) ...
Setting up gvfs-daemons (1.20.1-1ubuntu1) ...
Setting up gvfs:amd64 (1.20.1-1ubuntu1) ...
Setting up libice-dev:amd64 (2:1.0.8-2) ...
Setting up libsm-dev:amd64 (2:1.2.1-2) ...
Setting up libxt-dev:amd64 (1:1.1.4-1) ...
Setting up systemd-services (204-5ubuntu20.4) ...
Setting up libpam-systemd:amd64 (204-5ubuntu20.4) ...
debconf: unable to initialize frontend: Dialog
debconf: (TERM is not set, so the dialog frontend is not usable.)
debconf: falling back to frontend: Readline
debconf: unable to initialize frontend: Readline
debconf: (This frontend requires a controlling tty.)
debconf: falling back to frontend: Teletype
invoke-rc.d: unknown initscript, /etc/init.d/systemd-logind not found.
invoke-rc.d: policy-rc.d denied execution of start.
Processing triggers for ureadahead (0.100.0-16) ...
Setting up policykit-1 (0.105-4ubuntu2) ...
Setting up colord (1.0.6-1) ...
Setting up policykit-1-gnome (0.105-1ubuntu4) ...
Setting up libatk-wrapper-java (0.30.4-4) ...
Setting up gconf-service (3.2.6-0ubuntu2) ...
Setting up libmaven-scm-java (1.3-5) ...
Setting up libgconf2-4:amd64 (3.2.6-0ubuntu2) ...
Setting up libosgi-compendium-java (4.3.0-1) ...
Setting up libgeronimo-osgi-support-java (1.0-2) ...
Setting up libnss3-nssdb (2:3.15.4-1ubuntu7) ...
Setting up libnss3:amd64 (2:3.15.4-1ubuntu7) ...
Setting up libnss3-1d:amd64 (2:3.15.4-1ubuntu7) ...
Setting up ca-certificates-java (20130815ubuntu1) ...
done.
Setting up openjdk-7-jre-headless:amd64 (7u55-2.4.7-1ubuntu1) ...
update-alternatives: using /usr/lib/jvm/java-7-openjdk-amd64/jre/bin/java to provide /usr/bin/java (java) in auto mode
update-alternatives: using /usr/lib/jvm/java-7-openjdk-amd64/jre/bin/keytool to provide /usr/bin/keytool (keytool) in auto mode
update-alternatives: using /usr/lib/jvm/java-7-openjdk-amd64/jre/bin/pack200 to provide /usr/bin/pack200 (pack200) in auto mode
update-alternatives: using /usr/lib/jvm/java-7-openjdk-amd64/jre/bin/rmid to provide /usr/bin/rmid (rmid) in auto mode
update-alternatives: using /usr/lib/jvm/java-7-openjdk-amd64/jre/bin/rmiregistry to provide /usr/bin/rmiregistry (rmiregistry) in auto mode
update-alternatives: using /usr/lib/jvm/java-7-openjdk-amd64/jre/bin/unpack200 to provide /usr/bin/unpack200 (unpack200) in auto mode
update-alternatives: using /usr/lib/jvm/java-7-openjdk-amd64/jre/bin/orbd to provide /usr/bin/orbd (orbd) in auto mode
update-alternatives: using /usr/lib/jvm/java-7-openjdk-amd64/jre/bin/servertool to provide /usr/bin/servertool (servertool) in auto mode
update-alternatives: using /usr/lib/jvm/java-7-openjdk-amd64/jre/bin/tnameserv to provide /usr/bin/tnameserv (tnameserv) in auto mode
update-alternatives: using /usr/lib/jvm/java-7-openjdk-amd64/jre/lib/jexec to provide /usr/bin/jexec (jexec) in auto mode
Setting up libatk-wrapper-java-jni:amd64 (0.30.4-4) ...
Setting up openjdk-7-jre:amd64 (7u55-2.4.7-1ubuntu1) ...
update-alternatives: using /usr/lib/jvm/java-7-openjdk-amd64/jre/bin/policytool to provide /usr/bin/policytool (policytool) in auto mode
Setting up gconf-service-backend (3.2.6-0ubuntu2) ...
Setting up gconf2 (3.2.6-0ubuntu2) ...
update-alternatives: using /usr/bin/gconftool-2 to provide /usr/bin/gconftool (gconftool) in auto mode

(gconftool-2:6070): GConf-WARNING **: Client failed to connect to the D-BUS daemon:
Unable to autolaunch a dbus-daemon without a $DISPLAY for X11
Setting up libgnomevfs2-common (1:2.24.4-1ubuntu6) ...
Setting up libgnomevfs2-0:amd64 (1:2.24.4-1ubuntu6) ...
Setting up libgnome2-common (2.32.1-4ubuntu1) ...
Setting up libgnome2-bin (2.32.1-4ubuntu1) ...
Setting up libgnome2-0:amd64 (2.32.1-4ubuntu1) ...
Setting up ant (1.9.3-2build1) ...
Setting up ant-optional (1.9.3-2build1) ...
Setting up aspectj (1.6.12+dfsg-3) ...
Setting up bsh (2.0b4-15) ...
Setting up libbatik-java (1.7.ubuntu-8ubuntu2) ...
Setting up libfop-java (1:1.1.dfsg-2ubuntu1) ...
Setting up fop (1:1.1.dfsg-2ubuntu1) ...
Setting up junit4 (4.11-2) ...
Setting up libdoxia-java (1.1.4-1ubuntu4) ...
Setting up libplexus-bsh-factory-java (1.0~alpha7-3) ...
Setting up libwagon-java (1.0.0-2ubuntu2) ...
Setting up libgeronimo-interceptor-3.0-spec-java (1.0.1-1fakesync1) ...
Setting up libcdi-api-java (1.0-1) ...
Setting up libgeronimo-jpa-2.0-spec-java (1.1-2) ...
Setting up libwagon2-java (2.5-1) ...
Setting up openjdk-7-jdk:amd64 (7u55-2.4.7-1ubuntu1) ...
update-alternatives: using /usr/lib/jvm/java-7-openjdk-amd64/bin/appletviewer to provide /usr/bin/appletviewer (appletviewer) in auto mode
update-alternatives: using /usr/lib/jvm/java-7-openjdk-amd64/bin/extcheck to provide /usr/bin/extcheck (extcheck) in auto mode
update-alternatives: using /usr/lib/jvm/java-7-openjdk-amd64/bin/idlj to provide /usr/bin/idlj (idlj) in auto mode
update-alternatives: using /usr/lib/jvm/java-7-openjdk-amd64/bin/jar to provide /usr/bin/jar (jar) in auto mode
update-alternatives: using /usr/lib/jvm/java-7-openjdk-amd64/bin/jarsigner to provide /usr/bin/jarsigner (jarsigner) in auto mode
update-alternatives: using /usr/lib/jvm/java-7-openjdk-amd64/bin/javac to provide /usr/bin/javac (javac) in auto mode
update-alternatives: using /usr/lib/jvm/java-7-openjdk-amd64/bin/javadoc to provide /usr/bin/javadoc (javadoc) in auto mode
update-alternatives: using /usr/lib/jvm/java-7-openjdk-amd64/bin/javah to provide /usr/bin/javah (javah) in auto mode
update-alternatives: using /usr/lib/jvm/java-7-openjdk-amd64/bin/javap to provide /usr/bin/javap (javap) in auto mode
update-alternatives: using /usr/lib/jvm/java-7-openjdk-amd64/bin/jcmd to provide /usr/bin/jcmd (jcmd) in auto mode
update-alternatives: using /usr/lib/jvm/java-7-openjdk-amd64/bin/jconsole to provide /usr/bin/jconsole (jconsole) in auto mode
update-alternatives: using /usr/lib/jvm/java-7-openjdk-amd64/bin/jdb to provide /usr/bin/jdb (jdb) in auto mode
update-alternatives: using /usr/lib/jvm/java-7-openjdk-amd64/bin/jhat to provide /usr/bin/jhat (jhat) in auto mode
update-alternatives: using /usr/lib/jvm/java-7-openjdk-amd64/bin/jinfo to provide /usr/bin/jinfo (jinfo) in auto mode
update-alternatives: using /usr/lib/jvm/java-7-openjdk-amd64/bin/jmap to provide /usr/bin/jmap (jmap) in auto mode
update-alternatives: using /usr/lib/jvm/java-7-openjdk-amd64/bin/jps to provide /usr/bin/jps (jps) in auto mode
update-alternatives: using /usr/lib/jvm/java-7-openjdk-amd64/bin/jrunscript to provide /usr/bin/jrunscript (jrunscript) in auto mode
update-alternatives: using /usr/lib/jvm/java-7-openjdk-amd64/bin/jsadebugd to provide /usr/bin/jsadebugd (jsadebugd) in auto mode
update-alternatives: using /usr/lib/jvm/java-7-openjdk-amd64/bin/jstack to provide /usr/bin/jstack (jstack) in auto mode
update-alternatives: using /usr/lib/jvm/java-7-openjdk-amd64/bin/jstat to provide /usr/bin/jstat (jstat) in auto mode
update-alternatives: using /usr/lib/jvm/java-7-openjdk-amd64/bin/jstatd to provide /usr/bin/jstatd (jstatd) in auto mode
update-alternatives: using /usr/lib/jvm/java-7-openjdk-amd64/bin/native2ascii to provide /usr/bin/native2ascii (native2ascii) in auto mode
update-alternatives: using /usr/lib/jvm/java-7-openjdk-amd64/bin/rmic to provide /usr/bin/rmic (rmic) in auto mode
update-alternatives: using /usr/lib/jvm/java-7-openjdk-amd64/bin/schemagen to provide /usr/bin/schemagen (schemagen) in auto mode
update-alternatives: using /usr/lib/jvm/java-7-openjdk-amd64/bin/serialver to provide /usr/bin/serialver (serialver) in auto mode
update-alternatives: using /usr/lib/jvm/java-7-openjdk-amd64/bin/wsgen to provide /usr/bin/wsgen (wsgen) in auto mode
update-alternatives: using /usr/lib/jvm/java-7-openjdk-amd64/bin/wsimport to provide /usr/bin/wsimport (wsimport) in auto mode
update-alternatives: using /usr/lib/jvm/java-7-openjdk-amd64/bin/xjc to provide /usr/bin/xjc (xjc) in auto mode
Setting up rhino (1.7R4-2) ...
update-alternatives: using /usr/bin/rhino to provide /usr/bin/js (js) in auto mode
Setting up testng (6.8.7-2) ...
Setting up icedtea-7-jre-jamvm:amd64 (7u55-2.4.7-1ubuntu1) ...
Setting up libmaven2-core-java (2.2.1-14) ...
Setting up libplexus-containers1.5-java (1.5.5-6) ...
Setting up libsisu-ioc-java (2.3.0-5) ...
Setting up libaether-java (1.13.1-2) ...
Setting up maven (3.0.5-1) ...
update-alternatives: using /usr/share/maven/bin/mvn to provide /usr/bin/mvn (mvn) in auto mode
Processing triggers for libc-bin (2.19-0ubuntu6.1) ...
Processing triggers for initramfs-tools (0.103ubuntu4.2) ...
Processing triggers for ca-certificates (20130906ubuntu2) ...
Updating certificates in /etc/ssl/certs... 164 added, 0 removed; done.
Running hooks in /etc/ca-certificates/update.d....
Adding debian:A-Trust-nQual-03.pem
Adding debian:ACEDICOM_Root.pem
Adding debian:AC_Raíz_Certicámara_S.A..pem
Adding debian:Actalis_Authentication_Root_CA.pem
Adding debian:AddTrust_External_Root.pem
Adding debian:AddTrust_Low-Value_Services_Root.pem
Adding debian:AddTrust_Public_Services_Root.pem
Adding debian:AddTrust_Qualified_Certificates_Root.pem
Adding debian:AffirmTrust_Commercial.pem
Adding debian:AffirmTrust_Networking.pem
Adding debian:AffirmTrust_Premium.pem
Adding debian:AffirmTrust_Premium_ECC.pem
Adding debian:America_Online_Root_Certification_Authority_1.pem
Adding debian:America_Online_Root_Certification_Authority_2.pem
Adding debian:ApplicationCA_-_Japanese_Government.pem
Adding debian:Autoridad_de_Certificacion_Firmaprofesional_CIF_A62634068.pem
Adding debian:Baltimore_CyberTrust_Root.pem
Adding debian:Buypass_Class_2_CA_1.pem
Adding debian:Buypass_Class_2_Root_CA.pem
Adding debian:Buypass_Class_3_CA_1.pem
Adding debian:Buypass_Class_3_Root_CA.pem
Adding debian:CA_Disig.pem
Adding debian:CA_Disig_Root_R1.pem
Adding debian:CA_Disig_Root_R2.pem
Adding debian:CNNIC_ROOT.pem
Adding debian:COMODO_Certification_Authority.pem
Adding debian:COMODO_ECC_Certification_Authority.pem
Adding debian:Camerfirma_Chambers_of_Commerce_Root.pem
Adding debian:Camerfirma_Global_Chambersign_Root.pem
Adding debian:Certigna.pem
Adding debian:Certinomis_-_Autorité_Racine.pem
Adding debian:Certplus_Class_2_Primary_CA.pem
Adding debian:Certum_Root_CA.pem
Adding debian:Certum_Trusted_Network_CA.pem
Adding debian:Chambers_of_Commerce_Root_-_2008.pem
Adding debian:China_Internet_Network_Information_Center_EV_Certificates_Root.pem
Adding debian:ComSign_CA.pem
Adding debian:ComSign_Secured_CA.pem
Adding debian:Comodo_AAA_Services_root.pem
Adding debian:Comodo_Secure_Services_root.pem
Adding debian:Comodo_Trusted_Services_root.pem
Adding debian:Cybertrust_Global_Root.pem
Adding debian:D-TRUST_Root_Class_3_CA_2_2009.pem
Adding debian:D-TRUST_Root_Class_3_CA_2_EV_2009.pem
Adding debian:DST_ACES_CA_X6.pem
Adding debian:DST_Root_CA_X3.pem
Adding debian:Deutsche_Telekom_Root_CA_2.pem
Adding debian:DigiCert_Assured_ID_Root_CA.pem
Adding debian:DigiCert_Global_Root_CA.pem
Adding debian:DigiCert_High_Assurance_EV_Root_CA.pem
Adding debian:Digital_Signature_Trust_Co._Global_CA_1.pem
Adding debian:Digital_Signature_Trust_Co._Global_CA_3.pem
Adding debian:E-Guven_Kok_Elektronik_Sertifika_Hizmet_Saglayicisi.pem
Adding debian:EBG_Elektronik_Sertifika_Hizmet_Sağlayıcısı.pem
Adding debian:EC-ACC.pem
Adding debian:EE_Certification_Centre_Root_CA.pem
Adding debian:Entrust.net_Premium_2048_Secure_Server_CA.pem
Adding debian:Entrust.net_Secure_Server_CA.pem
Adding debian:Entrust_Root_Certification_Authority.pem
Adding debian:Equifax_Secure_CA.pem
Adding debian:Equifax_Secure_Global_eBusiness_CA.pem
Adding debian:Equifax_Secure_eBusiness_CA_1.pem
Adding debian:Firmaprofesional_Root_CA.pem
Adding debian:GTE_CyberTrust_Global_Root.pem
Adding debian:GeoTrust_Global_CA.pem
Adding debian:GeoTrust_Global_CA_2.pem
Adding debian:GeoTrust_Primary_Certification_Authority.pem
Adding debian:GeoTrust_Primary_Certification_Authority_-_G2.pem
Adding debian:GeoTrust_Primary_Certification_Authority_-_G3.pem
Adding debian:GeoTrust_Universal_CA.pem
Adding debian:GeoTrust_Universal_CA_2.pem
Adding debian:GlobalSign_Root_CA.pem
Adding debian:GlobalSign_Root_CA_-_R2.pem
Adding debian:GlobalSign_Root_CA_-_R3.pem
Adding debian:Global_Chambersign_Root_-_2008.pem
Adding debian:Go_Daddy_Class_2_CA.pem
Adding debian:Go_Daddy_Root_Certificate_Authority_-_G2.pem
Adding debian:Hellenic_Academic_and_Research_Institutions_RootCA_2011.pem
Adding debian:Hongkong_Post_Root_CA_1.pem
Adding debian:IGC_A.pem
Adding debian:Izenpe.com.pem
Adding debian:Juur-SK.pem
Adding debian:Microsec_e-Szigno_Root_CA.pem
Adding debian:Microsec_e-Szigno_Root_CA_2009.pem
Adding debian:NetLock_Arany_=Class_Gold=_Főtanúsítvány.pem
Adding debian:NetLock_Business_=Class_B=_Root.pem
Adding debian:NetLock_Express_=Class_C=_Root.pem
Adding debian:NetLock_Notary_=Class_A=_Root.pem
Adding debian:NetLock_Qualified_=Class_QA=_Root.pem
Adding debian:Network_Solutions_Certificate_Authority.pem
Adding debian:OISTE_WISeKey_Global_Root_GA_CA.pem
Adding debian:PSCProcert.pem
Adding debian:QuoVadis_Root_CA.pem
Adding debian:QuoVadis_Root_CA_2.pem
Adding debian:QuoVadis_Root_CA_3.pem
Adding debian:RSA_Root_Certificate_1.pem
Adding debian:RSA_Security_2048_v3.pem
Adding debian:Root_CA_Generalitat_Valenciana.pem
Adding debian:S-TRUST_Authentication_and_Encryption_Root_CA_2005_PN.pem
Adding debian:SecureSign_RootCA11.pem
Adding debian:SecureTrust_CA.pem
Adding debian:Secure_Global_CA.pem
Adding debian:Security_Communication_EV_RootCA1.pem
Adding debian:Security_Communication_RootCA2.pem
Adding debian:Security_Communication_Root_CA.pem
Adding debian:Sonera_Class_1_Root_CA.pem
Adding debian:Sonera_Class_2_Root_CA.pem
Adding debian:Staat_der_Nederlanden_Root_CA.pem
Adding debian:Staat_der_Nederlanden_Root_CA_-_G2.pem
Adding debian:Starfield_Class_2_CA.pem
Adding debian:Starfield_Root_Certificate_Authority_-_G2.pem
Adding debian:Starfield_Services_Root_Certificate_Authority_-_G2.pem
Adding debian:StartCom_Certification_Authority.pem
Adding debian:StartCom_Certification_Authority_2.pem
Adding debian:StartCom_Certification_Authority_G2.pem
Adding debian:SwissSign_Gold_CA_-_G2.pem
Adding debian:SwissSign_Platinum_CA_-_G2.pem
Adding debian:SwissSign_Silver_CA_-_G2.pem
Adding debian:Swisscom_Root_CA_1.pem
Adding debian:Swisscom_Root_CA_2.pem
Adding debian:Swisscom_Root_EV_CA_2.pem
Adding debian:T-TeleSec_GlobalRoot_Class_3.pem
Adding debian:TC_TrustCenter_Class_2_CA_II.pem
Adding debian:TC_TrustCenter_Class_3_CA_II.pem
Adding debian:TC_TrustCenter_Universal_CA_I.pem
Adding debian:TDC_Internet_Root_CA.pem
Adding debian:TDC_OCES_Root_CA.pem
Adding debian:TURKTRUST_Certificate_Services_Provider_Root_1.pem
Adding debian:TURKTRUST_Certificate_Services_Provider_Root_2.pem
Adding debian:TURKTRUST_Certificate_Services_Provider_Root_2007.pem
Adding debian:TWCA_Root_Certification_Authority.pem
Adding debian:Taiwan_GRCA.pem
Adding debian:Thawte_Premium_Server_CA.pem
Adding debian:Thawte_Server_CA.pem
Adding debian:Trustis_FPS_Root_CA.pem
Adding debian:TÜBİTAK_UEKAE_Kök_Sertifika_Hizmet_Sağlayıcısı_-_Sürüm_3.pem
Adding debian:UTN_DATACorp_SGC_Root_CA.pem
Adding debian:UTN_USERFirst_Email_Root_CA.pem
Adding debian:UTN_USERFirst_Hardware_Root_CA.pem
Adding debian:ValiCert_Class_1_VA.pem
Adding debian:ValiCert_Class_2_VA.pem
Adding debian:VeriSign_Class_3_Public_Primary_Certification_Authority_-_G4.pem
Adding debian:VeriSign_Class_3_Public_Primary_Certification_Authority_-_G5.pem
Adding debian:VeriSign_Universal_Root_Certification_Authority.pem
Adding debian:Verisign_Class_1_Public_Primary_Certification_Authority.pem
Adding debian:Verisign_Class_1_Public_Primary_Certification_Authority_-_G2.pem
Adding debian:Verisign_Class_1_Public_Primary_Certification_Authority_-_G3.pem
Adding debian:Verisign_Class_2_Public_Primary_Certification_Authority_-_G2.pem
Adding debian:Verisign_Class_2_Public_Primary_Certification_Authority_-_G3.pem
Adding debian:Verisign_Class_3_Public_Primary_Certification_Authority.pem
Adding debian:Verisign_Class_3_Public_Primary_Certification_Authority_-_G2.pem
Adding debian:Verisign_Class_3_Public_Primary_Certification_Authority_-_G3.pem
Adding debian:Verisign_Class_3_Public_Primary_Certification_Authority_2.pem
Adding debian:Verisign_Class_4_Public_Primary_Certification_Authority_-_G3.pem
Adding debian:Visa_eCommerce_Root.pem
Adding debian:WellsSecure_Public_Root_Certificate_Authority.pem
Adding debian:Wells_Fargo_Root_CA.pem
Adding debian:XRamp_Global_CA_Root.pem
Adding debian:certSIGN_ROOT_CA.pem
Adding debian:ePKI_Root_Certification_Authority.pem
Adding debian:thawte_Primary_Root_CA.pem
Adding debian:thawte_Primary_Root_CA_-_G2.pem
Adding debian:thawte_Primary_Root_CA_-_G3.pem
Adding debian:spi-cacert-2008.pem
done.
done.
Processing triggers for sgml-base (1.26+nmu4ubuntu1) ...
 ---> e19b200d2750
Removing intermediate container 691ade1b66ad
Step 4 : RUN ln -s /usr/lib/jvm/java-7-openjdk-amd64 $JAVA_HOME
 ---> Running in 652d7a128be3
 ---> 8c587a6c007c
Removing intermediate container 652d7a128be3
Step 5 : RUN addgroup hadoop
 ---> Running in 71333bf17d03
Adding group `hadoop' (GID 1000) ...
Done.
 ---> 4bed74499076
Removing intermediate container 71333bf17d03
Step 6 : RUN useradd -d /home/hduser -m -s /bin/bash -G hadoop hduser
 ---> Running in a45065a40d5c
 ---> 7953ef25c0d9
Removing intermediate container a45065a40d5c
Step 7 : RUN apt-get install -y openssh-server
 ---> Running in 5391c5052e9c
Reading package lists...
Building dependency tree...
Reading state information...
The following extra packages will be installed:
  libck-connector0 libedit2 libidn11 ncurses-term openssh-client
  openssh-sftp-server python-chardet python-requests python-six python-urllib3
  ssh-import-id wget xauth
Suggested packages:
  ssh-askpass libpam-ssh keychain monkeysphere rssh molly-guard ufw
The following NEW packages will be installed:
  libck-connector0 libedit2 libidn11 ncurses-term openssh-client
  openssh-server openssh-sftp-server python-chardet python-requests python-six
  python-urllib3 ssh-import-id wget xauth
0 upgraded, 14 newly installed, 0 to remove and 0 not upgraded.
Need to get 1852 kB of archives.
After this operation, 9352 kB of additional disk space will be used.
Get:1 http://archive.ubuntu.com/ubuntu/ trusty/main libedit2 amd64 3.1-20130712-2 [86.7 kB]
Get:2 http://archive.ubuntu.com/ubuntu/ trusty/main libidn11 amd64 1.28-1ubuntu2 [93.0 kB]
Get:3 http://archive.ubuntu.com/ubuntu/ trusty/main libck-connector0 amd64 0.4.5-3.1ubuntu2 [10.5 kB]
Get:4 http://archive.ubuntu.com/ubuntu/ trusty-updates/main openssh-client amd64 1:6.6p1-2ubuntu2 [565 kB]
Get:5 http://archive.ubuntu.com/ubuntu/ trusty/main wget amd64 1.15-1ubuntu1 [270 kB]
Get:6 http://archive.ubuntu.com/ubuntu/ trusty/main xauth amd64 1:1.0.7-1ubuntu1 [25.8 kB]
Get:7 http://archive.ubuntu.com/ubuntu/ trusty/main ncurses-term all 5.9+20140118-1ubuntu1 [243 kB]
Get:8 http://archive.ubuntu.com/ubuntu/ trusty-updates/main openssh-sftp-server amd64 1:6.6p1-2ubuntu2 [34.1 kB]
Get:9 http://archive.ubuntu.com/ubuntu/ trusty-updates/main openssh-server amd64 1:6.6p1-2ubuntu2 [319 kB]
Get:10 http://archive.ubuntu.com/ubuntu/ trusty/main python-chardet all 2.0.1-2build2 [106 kB]
Get:11 http://archive.ubuntu.com/ubuntu/ trusty/main python-six all 1.5.2-1 [8060 B]
Get:12 http://archive.ubuntu.com/ubuntu/ trusty/main python-urllib3 all 1.7.1-1build1 [38.9 kB]
Get:13 http://archive.ubuntu.com/ubuntu/ trusty/main python-requests all 2.2.1-1 [42.5 kB]
Get:14 http://archive.ubuntu.com/ubuntu/ trusty/main ssh-import-id all 3.21-0ubuntu1 [9624 B]
debconf: unable to initialize frontend: Dialog
debconf: (TERM is not set, so the dialog frontend is not usable.)
debconf: falling back to frontend: Readline
debconf: unable to initialize frontend: Readline
debconf: (This frontend requires a controlling tty.)
debconf: falling back to frontend: Teletype
dpkg-preconfigure: unable to re-open stdin: 
Fetched 1852 kB in 52s (35.0 kB/s)
Selecting previously unselected package libedit2:amd64.
(Reading database ... 23584 files and directories currently installed.)
Preparing to unpack .../libedit2_3.1-20130712-2_amd64.deb ...
Unpacking libedit2:amd64 (3.1-20130712-2) ...
Selecting previously unselected package libidn11:amd64.
Preparing to unpack .../libidn11_1.28-1ubuntu2_amd64.deb ...
Unpacking libidn11:amd64 (1.28-1ubuntu2) ...
Selecting previously unselected package libck-connector0:amd64.
Preparing to unpack .../libck-connector0_0.4.5-3.1ubuntu2_amd64.deb ...
Unpacking libck-connector0:amd64 (0.4.5-3.1ubuntu2) ...
Selecting previously unselected package openssh-client.
Preparing to unpack .../openssh-client_1%3a6.6p1-2ubuntu2_amd64.deb ...
Unpacking openssh-client (1:6.6p1-2ubuntu2) ...
Selecting previously unselected package wget.
Preparing to unpack .../wget_1.15-1ubuntu1_amd64.deb ...
Unpacking wget (1.15-1ubuntu1) ...
Selecting previously unselected package xauth.
Preparing to unpack .../xauth_1%3a1.0.7-1ubuntu1_amd64.deb ...
Unpacking xauth (1:1.0.7-1ubuntu1) ...
Selecting previously unselected package ncurses-term.
Preparing to unpack .../ncurses-term_5.9+20140118-1ubuntu1_all.deb ...
Unpacking ncurses-term (5.9+20140118-1ubuntu1) ...
Selecting previously unselected package openssh-sftp-server.
Preparing to unpack .../openssh-sftp-server_1%3a6.6p1-2ubuntu2_amd64.deb ...
Unpacking openssh-sftp-server (1:6.6p1-2ubuntu2) ...
Selecting previously unselected package openssh-server.
Preparing to unpack .../openssh-server_1%3a6.6p1-2ubuntu2_amd64.deb ...
Unpacking openssh-server (1:6.6p1-2ubuntu2) ...
Selecting previously unselected package python-chardet.
Preparing to unpack .../python-chardet_2.0.1-2build2_all.deb ...
Unpacking python-chardet (2.0.1-2build2) ...
Selecting previously unselected package python-six.
Preparing to unpack .../python-six_1.5.2-1_all.deb ...
Unpacking python-six (1.5.2-1) ...
Selecting previously unselected package python-urllib3.
Preparing to unpack .../python-urllib3_1.7.1-1build1_all.deb ...
Unpacking python-urllib3 (1.7.1-1build1) ...
Selecting previously unselected package python-requests.
Preparing to unpack .../python-requests_2.2.1-1_all.deb ...
Unpacking python-requests (2.2.1-1) ...
Selecting previously unselected package ssh-import-id.
Preparing to unpack .../ssh-import-id_3.21-0ubuntu1_all.deb ...
Unpacking ssh-import-id (3.21-0ubuntu1) ...
Processing triggers for ureadahead (0.100.0-16) ...
Setting up libedit2:amd64 (3.1-20130712-2) ...
Setting up libidn11:amd64 (1.28-1ubuntu2) ...
Setting up libck-connector0:amd64 (0.4.5-3.1ubuntu2) ...
Setting up openssh-client (1:6.6p1-2ubuntu2) ...
Setting up wget (1.15-1ubuntu1) ...
Setting up xauth (1:1.0.7-1ubuntu1) ...
Setting up ncurses-term (5.9+20140118-1ubuntu1) ...
Setting up openssh-sftp-server (1:6.6p1-2ubuntu2) ...
Setting up openssh-server (1:6.6p1-2ubuntu2) ...
debconf: unable to initialize frontend: Dialog
debconf: (TERM is not set, so the dialog frontend is not usable.)
debconf: falling back to frontend: Readline
debconf: unable to initialize frontend: Readline
debconf: (This frontend requires a controlling tty.)
debconf: falling back to frontend: Teletype
Creating SSH2 RSA key; this may take some time ...
Creating SSH2 DSA key; this may take some time ...
Creating SSH2 ECDSA key; this may take some time ...
Creating SSH2 ED25519 key; this may take some time ...
invoke-rc.d: policy-rc.d denied execution of start.
Setting up python-chardet (2.0.1-2build2) ...
Setting up python-six (1.5.2-1) ...
Setting up python-urllib3 (1.7.1-1build1) ...
Setting up python-requests (2.2.1-1) ...
Setting up ssh-import-id (3.21-0ubuntu1) ...
Processing triggers for libc-bin (2.19-0ubuntu6.1) ...
Processing triggers for ureadahead (0.100.0-16) ...
 ---> b29a7c0715e2
Removing intermediate container 5391c5052e9c
Step 8 : RUN mkdir /var/run/sshd
 ---> Running in 9e9127e79c70
 ---> 67d8c7b276df
Removing intermediate container 9e9127e79c70
Step 9 : RUN su hduser -c "ssh-keygen -t rsa -f ~/.ssh/id_rsa -P ''"
 ---> Running in 1823e622f4f5
Generating public/private rsa key pair.
Created directory '/home/hduser/.ssh'.
Your identification has been saved in /home/hduser/.ssh/id_rsa.
Your public key has been saved in /home/hduser/.ssh/id_rsa.pub.
The key fingerprint is:
db:8a:cf:2b:55:85:d3:e0:1e:e5:4a:ac:b6:83:6d:56 hduser@82125ef11cc4
The key's randomart image is:
+--[ RSA 2048]----+
|          .+.    |
|         oooo    |
|          =o.    |
|         +.o     |
|        S.E      |
|       +.=       |
|      ..B .      |
|      .= o       |
|      .o=.       |
+-----------------+
 ---> 073d55cbf06d
Removing intermediate container 1823e622f4f5
Step 10 : RUN su hduser -c "cat ~/.ssh/id_rsa.pub >> ~/.ssh/authorized_keys"
 ---> Running in 97a9705b4df9
 ---> faec187ccb8c
Removing intermediate container 97a9705b4df9
Step 11 : RUN service ssh start
 ---> Running in 6f4a955e008b
 * Starting OpenBSD Secure Shell server sshd
   ...done.
 ---> b93f42e6cad1
Removing intermediate container 6f4a955e008b
Step 12 : ENV HADOOP_HOME /usr/local/hadoop
 ---> Running in 091dca7759b7
 ---> 7b803d050fdc
Removing intermediate container 091dca7759b7
Step 13 : ADD hadoop-2.3.0.tar.gz ./hadoop-2.3.0.tar.gz
 ---> 235c54b6718b
Removing intermediate container 6557a612cee7
Step 14 : RUN mv hadoop-2.3.0.tar.gz/hadoop-2.3.0 /usr/local/hadoop-2.3.0
 ---> Running in 86184980ee86
 ---> 75667596886d
Removing intermediate container 86184980ee86
Step 15 : RUN rm -rf hadoop-2.3.0.tar.gz
 ---> Running in c63f48306388
 ---> c5cffafee725
Removing intermediate container c63f48306388
Step 16 : RUN ln -s /usr/local/hadoop-2.3.0 $HADOOP_HOME
 ---> Running in 156f3643cce4
 ---> a50486038ba6
Removing intermediate container 156f3643cce4
Step 17 : RUN rm -r /usr/local/hadoop-2.3.0
 ---> Running in 5555a7c31149
 ---> 40d6678be637
Removing intermediate container 5555a7c31149
Step 18 : RUN mkdir -p $HADOOP_HOME/logs
 ---> Running in ca634b313744
Step 19 : ENV HADOOP_DATA /var/lib/hadoop
 ---> Running in 378610f1d775
Step 20 : RUN mkdir -p $HADOOP_DATA/2.3.0/data
 ---> Running in 6f913e9d75a4
Step 21 : RUN mkdir -p $HADOOP_DATA/current/data
 ---> Running in 01616d06d40b
Step 22 : RUN rm -r $HADOOP_DATA/current/data
 ---> Running in c4cffc0eff90
Step 23 : RUN ln -s $HADOOP_DATA/2.3.0/data $HADOOP_DATA/current/data
 ---> Running in c09d8c768d32
Step 24 : ENV PATH $PATH:$HADOOP_HOME/bin
 ---> Running in a398d80ef3cb
Step 25 : ENV PATH $PATH:$HADOOP_HOME/sbin
 ---> Running in 15eba0d63276
Step 26 : ENV HADOOP_MAPRED_HOME $HADOOP_HOME
 ---> Running in 3287b02fd77c
Step 27 : ENV HADOOP_COMMON_HOME $HADOOP_HOME
 ---> Running in c044aad94b31
Step 28 : ENV HADOOP_HDFS_HOME $HADOOP_HOME
 ---> Running in 8c9bc106cf8e
Step 29 : ENV YARN_HOME $HADOOP_HOME
 ---> Running in 27c5b0142cfe
Step 30 : ENV HADOOP_COMMON_LIB_NATIVE_DIR ${HADOOP_HOME}/lib/native
 ---> Running in f70e95fc5766
Step 31 : ENV HADOOP_CONF_DIR $HADOOP_HOME/etc/hadoop
 ---> Running in 3fe210d9a675
Step 32 : ENV HADOOP_YARN_HOME $YARN_HOME
 ---> Running in 2570b1d5ef7f
Step 33 : RUN echo "export JAVA_HOME=$JAVA_HOME" >> /home/hduser/.bashrc
 ---> Running in 301051d83cae
Step 34 : RUN echo "export HADOOP_HOME=$HADOOP_HOME" >> /home/hduser/.bashrc
 ---> Running in 9a56533e5874
Step 35 : RUN echo "export PATH=$PATH" >> /home/hduser/.bashrc
 ---> Running in c46b70acd7d7
Step 36 : RUN echo "export HADOOP_MAPRED_HOME=$HADOOP_HOME" >> /home/hduser/.bashrc
 ---> Running in f8d788494e75
Step 37 : RUN echo "export HADOOP_COMMON_HOME=$HADOOP_HOME" >> /home/hduser/.bashrc
 ---> Running in a889644161cd
Step 38 : RUN echo "export HADOOP_HDFS_HOME=$HADOOP_HOME" >> /home/hduser/.bashrc
 ---> Running in 7db1dc0e2f8c
Step 39 : RUN echo "export YARN_HOME=$HADOOP_HOME" >> /home/hduser/.bashrc
 ---> Running in 17a6a123961b
Step 40 : RUN echo "export HADOOP_COMMON_LIB_NATIVE_DIR=$HADOOP_HOME/lib/native"  >> /home/hduser/.bashrc
 ---> Running in 394ae254902f
Step 41 : RUN echo "export HADOOP_CONF_DIR=$HADOOP_HOME/etc/hadoop" >> /home/hduser/.bashrc
 ---> Running in 58a44cc65c6d
Step 42 : RUN echo "export HADOOP_YARN_HOME=$YARN_HOME" >> /home/hduser/.bashrc
 ---> Running in bd083625dac2
Step 43 : RUN sed 's/<\/configuration>/\n  <property>\n    <name>fs.defaultFS<\/name>\n    <value>hdfs:\/\/localhost:9000<\/value>\n  <\/property>\n<\/configuration>/'  $HADOOP_HOME/etc/hadoop/core-site.xml > $HADOOP_HOME/etc/hadoop/core-site.xml-tmp | mv $HADOOP_HOME/etc/hadoop/core-site.xml-tmp $HADOOP_HOME/etc/hadoop/core-site.xml
 ---> Running in 39a5991facb0
Step 44 : RUN sed 's/<\/configuration>/\n  <property>\n    <name>dfs.replication<\/name>\n    <value>1<\/value>\n  <\/property>\n  \n  <property>\n    <name>dfs.namenode.name.dir<\/name>\n    <value>file:\/var\/lib\/hadoop\/current\/data\/hdfs\/namenode<\/value>\n  <\/property>\n  \n  <property>\n    <name>dfs.datanode.name.dir<\/name>\n    <value>file:\/var\/lib\/hadoop\/current\/data\/hdfs\/datanode<\/value>\n  <\/property>\n<\/configuration>/' $HADOOP_HOME/etc/hadoop/hdfs-site.xml > $HADOOP_HOME/etc/hadoop/hdfs-site.xml-tmp | mv $HADOOP_HOME/etc/hadoop/hdfs-site.xml-tmp $HADOOP_HOME/etc/hadoop/hdfs-site.xml
 ---> Running in 679b4650c3bc
Step 45 : RUN sed 's/export JAVA_HOME=${JAVA_HOME}/export JAVA_HOME=\/usr\/lib\/jvm\/jdk/' $HADOOP_HOME/etc/hadoop/hadoop-env.sh > $HADOOP_HOME/etc/hadoop/hadoop-env.sh-tmp
 ---> Running in a7b17a7fab3f
Step 46 : RUN sed -e'/^export JAVA_HOME=\/usr\/lib\/jvm\/jdk/a export HADOOP_OPTS=-Djava.net.preferIPv4Stack=true' $HADOOP_HOME/etc/hadoop/hadoop-env.sh-tmp > $HADOOP_HOME/etc/hadoop/hadoop-env.sh
 ---> Running in 89a71bf75b47
Step 47 : RUN mkdir -p $HADOOP_DATA/current/data/hdfs/namenode
 ---> Running in 2498f81ad96a
Step 48 : RUN mkdir -p $HADOOP_DATA/current/data/hdfs/datanode
 ---> Running in e4863c859c81
Step 49 : RUN sed 's/<\/configuration>/ \n  <property>\n    <name>yarn.nodemanager.aux-services<\/name>\n    <value>mapreduce_shuffle<\/value>\n  <\/property>  \n\n  <property>\n    <name>yarn.nodemanager.aux-services.mapreduce.shuffle.class<\/name>\n    <value>org.apache.hadoop.mapred.ShuffleHandler<\/value>\n  <\/property>  \n\n  <property>\n    <name>yarn.nodemanager.resource.cpu-vcores<\/name>\n    <value>4<\/value>\n  <\/property>  \n\n<\/configuration>/' $HADOOP_HOME/etc/hadoop/yarn-site.xml > $HADOOP_HOME/etc/hadoop/yarn-site.xml-tmp | mv $HADOOP_HOME/etc/hadoop/yarn-site.xml-tmp $HADOOP_HOME/etc/hadoop/yarn-site.xml
 ---> Running in 0f4512bd7704
 ---> 1bb29674aaeb
Removing intermediate container 0f4512bd7704
Step 50 : RUN sed 's/<\/configuration>/\n  <property>\n    <name>mapreduce.framework.name<\/name>\n    <value>yarn<\/value>\n  <\/property>\n\n<\/configuration>/'  $HADOOP_HOME/etc/hadoop/mapred-site.xml.template > $HADOOP_HOME/etc/hadoop/mapred-site.xml
 ---> Running in a944c84da07a
 ---> bd847627b14b
Removing intermediate container a944c84da07a
Step 51 : RUN chown -R hduser:hadoop /home/hduser
 ---> Running in 901c5d67c838
 ---> c784e0d4b213
Removing intermediate container 901c5d67c838
Step 52 : RUN chown -R hduser:hadoop $HADOOP_HOME/
 ---> Running in 1fcbd369defd
 ---> 0c03afc02e9d
Removing intermediate container 1fcbd369defd
Step 53 : RUN chown -R hduser:hadoop $HADOOP_DATA/
 ---> Running in e755849564ad
 ---> d63cacfda729
Removing intermediate container e755849564ad
Step 54 : RUN chmod 1777 /tmp
 ---> Running in 1d0f12e8531a
 ---> 4b8caafe210e
Removing intermediate container 1d0f12e8531a
Step 55 : RUN su hduser -c "$HADOOP_HOME/bin/hdfs namenode -format"
 ---> Running in 4a6008a031ab
14/08/13 02:20:04 INFO namenode.NameNode: STARTUP_MSG: 
/************************************************************
STARTUP_MSG: Starting NameNode
STARTUP_MSG:   host = 82125ef11cc4/172.17.0.95
STARTUP_MSG:   args = [-format]
STARTUP_MSG:   version = 2.3.0
STARTUP_MSG:   classpath = /usr/local/hadoop/etc/hadoop:/usr/local/hadoop/share/hadoop/common/lib/paranamer-2.3.jar:/usr/local/hadoop/share/hadoop/common/lib/xz-1.0.jar:/usr/local/hadoop/share/hadoop/common/lib/jackson-mapper-asl-1.8.8.jar:/usr/local/hadoop/share/hadoop/common/lib/jsr305-1.3.9.jar:/usr/local/hadoop/share/hadoop/common/lib/commons-io-2.4.jar:/usr/local/hadoop/share/hadoop/common/lib/commons-beanutils-1.7.0.jar:/usr/local/hadoop/share/hadoop/common/lib/snappy-java-1.0.4.1.jar:/usr/local/hadoop/share/hadoop/common/lib/jaxb-api-2.2.2.jar:/usr/local/hadoop/share/hadoop/common/lib/java-xmlbuilder-0.4.jar:/usr/local/hadoop/share/hadoop/common/lib/netty-3.6.2.Final.jar:/usr/local/hadoop/share/hadoop/common/lib/jasper-compiler-5.5.23.jar:/usr/local/hadoop/share/hadoop/common/lib/xmlenc-0.52.jar:/usr/local/hadoop/share/hadoop/common/lib/jackson-core-asl-1.8.8.jar:/usr/local/hadoop/share/hadoop/common/lib/httpcore-4.2.5.jar:/usr/local/hadoop/share/hadoop/common/lib/jackson-xc-1.8.8.jar:/usr/local/hadoop/share/hadoop/common/lib/commons-collections-3.2.1.jar:/usr/local/hadoop/share/hadoop/common/lib/jackson-jaxrs-1.8.8.jar:/usr/local/hadoop/share/hadoop/common/lib/httpclient-4.2.5.jar:/usr/local/hadoop/share/hadoop/common/lib/commons-beanutils-core-1.8.0.jar:/usr/local/hadoop/share/hadoop/common/lib/jersey-json-1.9.jar:/usr/local/hadoop/share/hadoop/common/lib/jettison-1.1.jar:/usr/local/hadoop/share/hadoop/common/lib/slf4j-api-1.7.5.jar:/usr/local/hadoop/share/hadoop/common/lib/protobuf-java-2.5.0.jar:/usr/local/hadoop/share/hadoop/common/lib/jets3t-0.9.0.jar:/usr/local/hadoop/share/hadoop/common/lib/commons-cli-1.2.jar:/usr/local/hadoop/share/hadoop/common/lib/commons-codec-1.4.jar:/usr/local/hadoop/share/hadoop/common/lib/hadoop-auth-2.3.0.jar:/usr/local/hadoop/share/hadoop/common/lib/jaxb-impl-2.2.3-1.jar:/usr/local/hadoop/share/hadoop/common/lib/activation-1.1.jar:/usr/local/hadoop/share/hadoop/common/lib/commons-el-1.0.jar:/usr/local/hadoop/share/hadoop/common/lib/log4j-1.2.17.jar:/usr/local/hadoop/share/hadoop/common/lib/jersey-core-1.9.jar:/usr/local/hadoop/share/hadoop/common/lib/jsp-api-2.1.jar:/usr/local/hadoop/share/hadoop/common/lib/asm-3.2.jar:/usr/local/hadoop/share/hadoop/common/lib/jetty-6.1.26.jar:/usr/local/hadoop/share/hadoop/common/lib/slf4j-log4j12-1.7.5.jar:/usr/local/hadoop/share/hadoop/common/lib/commons-configuration-1.6.jar:/usr/local/hadoop/share/hadoop/common/lib/commons-compress-1.4.1.jar:/usr/local/hadoop/share/hadoop/common/lib/guava-11.0.2.jar:/usr/local/hadoop/share/hadoop/common/lib/mockito-all-1.8.5.jar:/usr/local/hadoop/share/hadoop/common/lib/stax-api-1.0-2.jar:/usr/local/hadoop/share/hadoop/common/lib/commons-net-3.1.jar:/usr/local/hadoop/share/hadoop/common/lib/commons-digester-1.8.jar:/usr/local/hadoop/share/hadoop/common/lib/servlet-api-2.5.jar:/usr/local/hadoop/share/hadoop/common/lib/commons-httpclient-3.1.jar:/usr/local/hadoop/share/hadoop/common/lib/commons-logging-1.1.3.jar:/usr/local/hadoop/share/hadoop/common/lib/commons-lang-2.6.jar:/usr/local/hadoop/share/hadoop/common/lib/commons-math3-3.1.1.jar:/usr/local/hadoop/share/hadoop/common/lib/avro-1.7.4.jar:/usr/local/hadoop/share/hadoop/common/lib/jasper-runtime-5.5.23.jar:/usr/local/hadoop/share/hadoop/common/lib/jetty-util-6.1.26.jar:/usr/local/hadoop/share/hadoop/common/lib/jersey-server-1.9.jar:/usr/local/hadoop/share/hadoop/common/lib/jsch-0.1.42.jar:/usr/local/hadoop/share/hadoop/common/lib/hadoop-annotations-2.3.0.jar:/usr/local/hadoop/share/hadoop/common/lib/junit-4.8.2.jar:/usr/local/hadoop/share/hadoop/common/lib/zookeeper-3.4.5.jar:/usr/local/hadoop/share/hadoop/common/hadoop-common-2.3.0-tests.jar:/usr/local/hadoop/share/hadoop/common/hadoop-common-2.3.0.jar:/usr/local/hadoop/share/hadoop/common/hadoop-nfs-2.3.0.jar:/usr/local/hadoop/share/hadoop/hdfs:/usr/local/hadoop/share/hadoop/hdfs/lib/jackson-mapper-asl-1.8.8.jar:/usr/local/hadoop/share/hadoop/hdfs/lib/jsr305-1.3.9.jar:/usr/local/hadoop/share/hadoop/hdfs/lib/commons-io-2.4.jar:/usr/local/hadoop/share/hadoop/hdfs/lib/netty-3.6.2.Final.jar:/usr/local/hadoop/share/hadoop/hdfs/lib/xmlenc-0.52.jar:/usr/local/hadoop/share/hadoop/hdfs/lib/jackson-core-asl-1.8.8.jar:/usr/local/hadoop/share/hadoop/hdfs/lib/protobuf-java-2.5.0.jar:/usr/local/hadoop/share/hadoop/hdfs/lib/commons-daemon-1.0.13.jar:/usr/local/hadoop/share/hadoop/hdfs/lib/commons-cli-1.2.jar:/usr/local/hadoop/share/hadoop/hdfs/lib/commons-codec-1.4.jar:/usr/local/hadoop/share/hadoop/hdfs/lib/commons-el-1.0.jar:/usr/local/hadoop/share/hadoop/hdfs/lib/log4j-1.2.17.jar:/usr/local/hadoop/share/hadoop/hdfs/lib/jersey-core-1.9.jar:/usr/local/hadoop/share/hadoop/hdfs/lib/jsp-api-2.1.jar:/usr/local/hadoop/share/hadoop/hdfs/lib/asm-3.2.jar:/usr/local/hadoop/share/hadoop/hdfs/lib/jetty-6.1.26.jar:/usr/local/hadoop/share/hadoop/hdfs/lib/guava-11.0.2.jar:/usr/local/hadoop/share/hadoop/hdfs/lib/servlet-api-2.5.jar:/usr/local/hadoop/share/hadoop/hdfs/lib/commons-logging-1.1.3.jar:/usr/local/hadoop/share/hadoop/hdfs/lib/commons-lang-2.6.jar:/usr/local/hadoop/share/hadoop/hdfs/lib/jasper-runtime-5.5.23.jar:/usr/local/hadoop/share/hadoop/hdfs/lib/jetty-util-6.1.26.jar:/usr/local/hadoop/share/hadoop/hdfs/lib/jersey-server-1.9.jar:/usr/local/hadoop/share/hadoop/hdfs/hadoop-hdfs-nfs-2.3.0.jar:/usr/local/hadoop/share/hadoop/hdfs/hadoop-hdfs-2.3.0-tests.jar:/usr/local/hadoop/share/hadoop/hdfs/hadoop-hdfs-2.3.0.jar:/usr/local/hadoop/share/hadoop/yarn/lib/xz-1.0.jar:/usr/local/hadoop/share/hadoop/yarn/lib/jackson-mapper-asl-1.8.8.jar:/usr/local/hadoop/share/hadoop/yarn/lib/jsr305-1.3.9.jar:/usr/local/hadoop/share/hadoop/yarn/lib/javax.inject-1.jar:/usr/local/hadoop/share/hadoop/yarn/lib/commons-io-2.4.jar:/usr/local/hadoop/share/hadoop/yarn/lib/jline-0.9.94.jar:/usr/local/hadoop/share/hadoop/yarn/lib/jaxb-api-2.2.2.jar:/usr/local/hadoop/share/hadoop/yarn/lib/jackson-core-asl-1.8.8.jar:/usr/local/hadoop/share/hadoop/yarn/lib/jersey-guice-1.9.jar:/usr/local/hadoop/share/hadoop/yarn/lib/jackson-xc-1.8.8.jar:/usr/local/hadoop/share/hadoop/yarn/lib/jackson-jaxrs-1.8.8.jar:/usr/local/hadoop/share/hadoop/yarn/lib/jersey-json-1.9.jar:/usr/local/hadoop/share/hadoop/yarn/lib/jettison-1.1.jar:/usr/local/hadoop/share/hadoop/yarn/lib/protobuf-java-2.5.0.jar:/usr/local/hadoop/share/hadoop/yarn/lib/commons-cli-1.2.jar:/usr/local/hadoop/share/hadoop/yarn/lib/commons-codec-1.4.jar:/usr/local/hadoop/share/hadoop/yarn/lib/jaxb-impl-2.2.3-1.jar:/usr/local/hadoop/share/hadoop/yarn/lib/activation-1.1.jar:/usr/local/hadoop/share/hadoop/yarn/lib/log4j-1.2.17.jar:/usr/local/hadoop/share/hadoop/yarn/lib/guice-servlet-3.0.jar:/usr/local/hadoop/share/hadoop/yarn/lib/jersey-core-1.9.jar:/usr/local/hadoop/share/hadoop/yarn/lib/asm-3.2.jar:/usr/local/hadoop/share/hadoop/yarn/lib/jetty-6.1.26.jar:/usr/local/hadoop/share/hadoop/yarn/lib/jersey-client-1.9.jar:/usr/local/hadoop/share/hadoop/yarn/lib/aopalliance-1.0.jar:/usr/local/hadoop/share/hadoop/yarn/lib/commons-compress-1.4.1.jar:/usr/local/hadoop/share/hadoop/yarn/lib/guava-11.0.2.jar:/usr/local/hadoop/share/hadoop/yarn/lib/guice-3.0.jar:/usr/local/hadoop/share/hadoop/yarn/lib/stax-api-1.0-2.jar:/usr/local/hadoop/share/hadoop/yarn/lib/servlet-api-2.5.jar:/usr/local/hadoop/share/hadoop/yarn/lib/commons-httpclient-3.1.jar:/usr/local/hadoop/share/hadoop/yarn/lib/commons-logging-1.1.3.jar:/usr/local/hadoop/share/hadoop/yarn/lib/commons-lang-2.6.jar:/usr/local/hadoop/share/hadoop/yarn/lib/jetty-util-6.1.26.jar:/usr/local/hadoop/share/hadoop/yarn/lib/jersey-server-1.9.jar:/usr/local/hadoop/share/hadoop/yarn/lib/zookeeper-3.4.5.jar:/usr/local/hadoop/share/hadoop/yarn/hadoop-yarn-applications-unmanaged-am-launcher-2.3.0.jar:/usr/local/hadoop/share/hadoop/yarn/hadoop-yarn-server-resourcemanager-2.3.0.jar:/usr/local/hadoop/share/hadoop/yarn/hadoop-yarn-server-common-2.3.0.jar:/usr/local/hadoop/share/hadoop/yarn/hadoop-yarn-applications-distributedshell-2.3.0.jar:/usr/local/hadoop/share/hadoop/yarn/hadoop-yarn-client-2.3.0.jar:/usr/local/hadoop/share/hadoop/yarn/hadoop-yarn-api-2.3.0.jar:/usr/local/hadoop/share/hadoop/yarn/hadoop-yarn-server-web-proxy-2.3.0.jar:/usr/local/hadoop/share/hadoop/yarn/hadoop-yarn-server-nodemanager-2.3.0.jar:/usr/local/hadoop/share/hadoop/yarn/hadoop-yarn-common-2.3.0.jar:/usr/local/hadoop/share/hadoop/yarn/hadoop-yarn-server-tests-2.3.0.jar:/usr/local/hadoop/share/hadoop/mapreduce/lib/paranamer-2.3.jar:/usr/local/hadoop/share/hadoop/mapreduce/lib/xz-1.0.jar:/usr/local/hadoop/share/hadoop/mapreduce/lib/jackson-mapper-asl-1.8.8.jar:/usr/local/hadoop/share/hadoop/mapreduce/lib/javax.inject-1.jar:/usr/local/hadoop/share/hadoop/mapreduce/lib/commons-io-2.4.jar:/usr/local/hadoop/share/hadoop/mapreduce/lib/snappy-java-1.0.4.1.jar:/usr/local/hadoop/share/hadoop/mapreduce/lib/netty-3.6.2.Final.jar:/usr/local/hadoop/share/hadoop/mapreduce/lib/jackson-core-asl-1.8.8.jar:/usr/local/hadoop/share/hadoop/mapreduce/lib/jersey-guice-1.9.jar:/usr/local/hadoop/share/hadoop/mapreduce/lib/protobuf-java-2.5.0.jar:/usr/local/hadoop/share/hadoop/mapreduce/lib/log4j-1.2.17.jar:/usr/local/hadoop/share/hadoop/mapreduce/lib/guice-servlet-3.0.jar:/usr/local/hadoop/share/hadoop/mapreduce/lib/jersey-core-1.9.jar:/usr/local/hadoop/share/hadoop/mapreduce/lib/asm-3.2.jar:/usr/local/hadoop/share/hadoop/mapreduce/lib/aopalliance-1.0.jar:/usr/local/hadoop/share/hadoop/mapreduce/lib/commons-compress-1.4.1.jar:/usr/local/hadoop/share/hadoop/mapreduce/lib/guice-3.0.jar:/usr/local/hadoop/share/hadoop/mapreduce/lib/hamcrest-core-1.1.jar:/usr/local/hadoop/share/hadoop/mapreduce/lib/junit-4.10.jar:/usr/local/hadoop/share/hadoop/mapreduce/lib/avro-1.7.4.jar:/usr/local/hadoop/share/hadoop/mapreduce/lib/jersey-server-1.9.jar:/usr/local/hadoop/share/hadoop/mapreduce/lib/hadoop-annotations-2.3.0.jar:/usr/local/hadoop/share/hadoop/mapreduce/hadoop-mapreduce-client-hs-2.3.0.jar:/usr/local/hadoop/share/hadoop/mapreduce/hadoop-mapreduce-client-hs-plugins-2.3.0.jar:/usr/local/hadoop/share/hadoop/mapreduce/hadoop-mapreduce-client-common-2.3.0.jar:/usr/local/hadoop/share/hadoop/mapreduce/hadoop-mapreduce-client-app-2.3.0.jar:/usr/local/hadoop/share/hadoop/mapreduce/hadoop-mapreduce-client-core-2.3.0.jar:/usr/local/hadoop/share/hadoop/mapreduce/hadoop-mapreduce-client-jobclient-2.3.0-tests.jar:/usr/local/hadoop/share/hadoop/mapreduce/hadoop-mapreduce-client-jobclient-2.3.0.jar:/usr/local/hadoop/share/hadoop/mapreduce/hadoop-mapreduce-examples-2.3.0.jar:/usr/local/hadoop/share/hadoop/mapreduce/hadoop-mapreduce-client-shuffle-2.3.0.jar:/usr/local/hadoop/contrib/capacity-scheduler/*.jar
STARTUP_MSG:   build = http://svn.apache.org/repos/asf/hadoop/common -r 1567123; compiled by 'jenkins' on 2014-02-11T13:40Z
STARTUP_MSG:   java = 1.7.0_55
************************************************************/
14/08/13 02:20:04 INFO namenode.NameNode: registered UNIX signal handlers for [TERM, HUP, INT]
14/08/13 02:20:05 WARN util.NativeCodeLoader: Unable to load native-hadoop library for your platform... using builtin-java classes where applicable
Formatting using clusterid: CID-4cc34d44-c8f5-4497-9f82-1689f1a1c49e
14/08/13 02:20:05 INFO namenode.FSNamesystem: fsLock is fair:true
14/08/13 02:20:05 INFO namenode.HostFileManager: read includes:
HostSet(
)
14/08/13 02:20:05 INFO namenode.HostFileManager: read excludes:
HostSet(
)
14/08/13 02:20:05 INFO blockmanagement.DatanodeManager: dfs.block.invalidate.limit=1000
14/08/13 02:20:05 INFO blockmanagement.DatanodeManager: dfs.namenode.datanode.registration.ip-hostname-check=true
14/08/13 02:20:05 INFO util.GSet: Computing capacity for map BlocksMap
14/08/13 02:20:05 INFO util.GSet: VM type       = 64-bit
14/08/13 02:20:06 INFO util.GSet: 2.0% max memory 889 MB = 17.8 MB
14/08/13 02:20:06 INFO util.GSet: capacity      = 2^21 = 2097152 entries
14/08/13 02:20:06 INFO blockmanagement.BlockManager: dfs.block.access.token.enable=false
14/08/13 02:20:06 INFO blockmanagement.BlockManager: defaultReplication         = 1
14/08/13 02:20:06 INFO blockmanagement.BlockManager: maxReplication             = 512
14/08/13 02:20:06 INFO blockmanagement.BlockManager: minReplication             = 1
14/08/13 02:20:06 INFO blockmanagement.BlockManager: maxReplicationStreams      = 2
14/08/13 02:20:06 INFO blockmanagement.BlockManager: shouldCheckForEnoughRacks  = false
14/08/13 02:20:06 INFO blockmanagement.BlockManager: replicationRecheckInterval = 3000
14/08/13 02:20:06 INFO blockmanagement.BlockManager: encryptDataTransfer        = false
14/08/13 02:20:06 INFO blockmanagement.BlockManager: maxNumBlocksToLog          = 1000
14/08/13 02:20:06 INFO namenode.FSNamesystem: fsOwner             = hduser (auth:SIMPLE)
14/08/13 02:20:06 INFO namenode.FSNamesystem: supergroup          = supergroup
14/08/13 02:20:06 INFO namenode.FSNamesystem: isPermissionEnabled = true
14/08/13 02:20:06 INFO namenode.FSNamesystem: HA Enabled: false
14/08/13 02:20:06 INFO namenode.FSNamesystem: Append Enabled: true
14/08/13 02:20:06 INFO util.GSet: Computing capacity for map INodeMap
14/08/13 02:20:06 INFO util.GSet: VM type       = 64-bit
14/08/13 02:20:06 INFO util.GSet: 1.0% max memory 889 MB = 8.9 MB
14/08/13 02:20:06 INFO util.GSet: capacity      = 2^20 = 1048576 entries
14/08/13 02:20:06 INFO namenode.NameNode: Caching file names occuring more than 10 times
14/08/13 02:20:06 INFO util.GSet: Computing capacity for map cachedBlocks
14/08/13 02:20:06 INFO util.GSet: VM type       = 64-bit
14/08/13 02:20:06 INFO util.GSet: 0.25% max memory 889 MB = 2.2 MB
14/08/13 02:20:06 INFO util.GSet: capacity      = 2^18 = 262144 entries
14/08/13 02:20:06 INFO namenode.FSNamesystem: dfs.namenode.safemode.threshold-pct = 0.9990000128746033
14/08/13 02:20:06 INFO namenode.FSNamesystem: dfs.namenode.safemode.min.datanodes = 0
14/08/13 02:20:06 INFO namenode.FSNamesystem: dfs.namenode.safemode.extension     = 30000
14/08/13 02:20:06 INFO namenode.FSNamesystem: Retry cache on namenode is enabled
14/08/13 02:20:06 INFO namenode.FSNamesystem: Retry cache will use 0.03 of total heap and retry cache entry expiry time is 600000 millis
14/08/13 02:20:06 INFO util.GSet: Computing capacity for map Namenode Retry Cache
14/08/13 02:20:06 INFO util.GSet: VM type       = 64-bit
14/08/13 02:20:06 INFO util.GSet: 0.029999999329447746% max memory 889 MB = 273.1 KB
14/08/13 02:20:06 INFO util.GSet: capacity      = 2^15 = 32768 entries
14/08/13 02:20:06 INFO common.Storage: Storage directory /var/lib/hadoop/current/data/hdfs/namenode has been successfully formatted.
14/08/13 02:20:06 INFO namenode.FSImage: Saving image file /var/lib/hadoop/current/data/hdfs/namenode/current/fsimage.ckpt_0000000000000000000 using no compression
14/08/13 02:20:06 INFO namenode.FSImage: Image file /var/lib/hadoop/current/data/hdfs/namenode/current/fsimage.ckpt_0000000000000000000 of size 218 bytes saved in 0 seconds.
14/08/13 02:20:06 INFO namenode.NNStorageRetentionManager: Going to retain 1 images with txid >= 0
14/08/13 02:20:06 INFO util.ExitUtil: Exiting with status 0
14/08/13 02:20:06 INFO namenode.NameNode: SHUTDOWN_MSG: 
/************************************************************
SHUTDOWN_MSG: Shutting down NameNode at 82125ef11cc4/172.17.0.95
************************************************************/
 ---> b4e6559768c4
Removing intermediate container 4a6008a031ab
Step 56 : ADD commands/start-hadoop.sh ./start-hadoop.sh
 ---> 9f422ef015cc
Removing intermediate container cdf5af08149e
Step 57 : ADD commands/stop-hadoop.sh ./stop-hadoop.sh
 ---> 97d55be49c1f
Removing intermediate container 922e7962428e
Step 58 : RUN mv ./start-hadoop.sh /usr/local/hadoop/bin/start-hadoop.sh
 ---> Running in 7d09aabb55f9
 ---> 2310fda1919e
Removing intermediate container 7d09aabb55f9
Step 59 : RUN mv ./stop-hadoop.sh /usr/local/hadoop/bin/stop-hadoop.sh
 ---> Running in 7075b7b43e4c
 ---> 52c6390f7043
Removing intermediate container 7075b7b43e4c
Step 60 : EXPOSE 9000 50010 50020 50070 50075 50090 50470 50475
 ---> Running in 0d446a8e1e5d
 ---> 38fd174ea784
Removing intermediate container 0d446a8e1e5d
Step 61 : EXPOSE 8088 8032 50060
 ---> Running in 77a8da44124e
 ---> af2d873d5864
Removing intermediate container 77a8da44124e
Step 62 : CMD ["/bin/bash", "start-hadoop.sh"]
 ---> Running in 89f72a548d4b
 ---> f69225bfec4d
Removing intermediate container 89f72a548d4b
Successfully built f69225bfec4d

